<?xml version="1.0" encoding="UTF-8"?>
<!-- Generated by org.testng.reporters.JUnitReportReporter -->
<testsuite hostname="DESKTOP-0EJ8PRH" failures="0" tests="3" name="day18.Demo2" time="0.005" errors="0" timestamp="2024-03-15T12:59:35 IST" skipped="0">
  <testcase classname="day18.Demo2" name="test1" time="0.001"/>
  <system-out>
    <![CDATA[Create User:Bhumi]]>
  </system-out>
  <testcase classname="day18.Demo2" name="test1" time="0.001"/>
  <system-out>
    <![CDATA[Create User:Chandra]]>
  </system-out>
  <testcase classname="day18.Demo2" name="test1" time="0.003"/>
  <system-out>
    <![CDATA[Create User:Akash]]>
  </system-out>
</testsuite> <!-- day18.Demo2 -->
