<?xml version="1.0" encoding="UTF-8"?>
<!-- Generated by org.testng.reporters.JUnitReportReporter -->
<testsuite hostname="DESKTOP-0EJ8PRH" failures="0" tests="3" name="day17b.Demo2" time="0.007" errors="0" timestamp="2024-03-15T12:59:35 IST" skipped="0">
  <testcase classname="day17b.Demo2" name="registerUser" time="0.003"/>
  <system-out>
    <![CDATA[register user]]>
  </system-out>
  <testcase classname="day17b.Demo2" name="editeUser" time="0.003"/>
  <system-out>
    <![CDATA[edit user]]>
  </system-out>
  <testcase classname="day17b.Demo2" name="deleteUser" time="0.001"/>
  <system-out>
    <![CDATA[delete user]]>
  </system-out>
</testsuite> <!-- day17b.Demo2 -->
