<?xml version="1.0" encoding="UTF-8"?>
<!-- Generated by org.testng.reporters.JUnitReportReporter -->
<testsuite hostname="DESKTOP-0EJ8PRH" failures="0" tests="2" name="day18.Demo8" time="0.004" errors="0" timestamp="2024-03-15T12:59:35 IST" skipped="0">
  <testcase classname="day18.Demo8" name="deleteUser" time="0.003"/>
  <system-out>
    <![CDATA[Delete User]]>
  </system-out>
  <testcase classname="day18.Demo8" name="createUser" time="0.001"/>
  <system-out>
    <![CDATA[Create User]]>
  </system-out>
</testsuite> <!-- day18.Demo8 -->
