<?xml version="1.0" encoding="UTF-8"?>
<!-- Generated by org.testng.reporters.JUnitReportReporter -->
<testsuite hostname="DESKTOP-0EJ8PRH" failures="0" tests="2" name="day19.Demo7" time="18.536" errors="0" timestamp="2024-03-18T12:59:04 IST" skipped="0">
  <testcase classname="day19.Demo7" name="testA" time="8.598"/>
  <system-out/>
  <testcase classname="day19.Demo7" name="testA" time="9.938"/>
  <system-out/>
</testsuite> <!-- day19.Demo7 -->
