<?xml version="1.0" encoding="UTF-8"?>
<!-- Generated by org.testng.reporters.JUnitReportReporter -->
<testsuite hostname="DESKTOP-0EJ8PRH" failures="0" tests="6" name="day18.Demo6" time="0.016" errors="0" timestamp="2024-03-15T12:59:35 IST" skipped="0">
  <testcase classname="day18.Demo6" name="test1" time="0.002"/>
  <system-out>
    <![CDATA[Data:true]]>
  </system-out>
  <testcase classname="day18.Demo6" name="test1" time="0.001"/>
  <system-out>
    <![CDATA[Data:123]]>
  </system-out>
  <testcase classname="day18.Demo6" name="test1" time="0.002"/>
  <system-out>
    <![CDATA[Data:true]]>
  </system-out>
  <testcase classname="day18.Demo6" name="test1" time="0.006"/>
  <system-out>
    <![CDATA[Data:Akash]]>
  </system-out>
  <testcase classname="day18.Demo6" name="test1" time="0.004"/>
  <system-out>
    <![CDATA[Data:Akash]]>
  </system-out>
  <testcase classname="day18.Demo6" name="test1" time="0.001"/>
  <system-out>
    <![CDATA[Data:123]]>
  </system-out>
</testsuite> <!-- day18.Demo6 -->
