<?xml version="1.0" encoding="UTF-8"?>
<!-- Generated by org.testng.reporters.JUnitReportReporter -->
<testsuite hostname="DESKTOP-0EJ8PRH" failures="0" tests="1" name="day17b.Demo1" time="0.021" errors="0" timestamp="2024-03-14T12:35:35 IST" skipped="0">
  <testcase classname="day17b.Demo1" name="mytest1" time="0.021"/>
  <system-out>
    <![CDATA[MSG from log
MSG from log2]]>
  </system-out>
</testsuite> <!-- day17b.Demo1 -->
