<?xml version="1.0" encoding="UTF-8"?>
<!-- Generated by org.testng.reporters.JUnitReportReporter -->
<testsuite hostname="DESKTOP-0EJ8PRH" failures="0" tests="4" name="day19.Demo1" time="0.023" errors="0" timestamp="2024-03-18T11:38:20 IST" skipped="1">
  <testcase classname="day19.Demo1" name="createCustomer" time="0.011"/>
  <system-out>
    <![CDATA[ createCustomer ]]>
  </system-out>
  <testcase classname="day19.Demo1" name="createUser" time="0.010"/>
  <system-out>
    <![CDATA[ createUser ]]>
  </system-out>
  <testcase classname="day19.Demo1" name="createProduct" time="0.002"/>
  <system-out>
    <![CDATA[ createProduct ]]>
  </system-out>
  <testcase classname="day19.Demo1" name="deleteProduct">
    <skipped/>
  </testcase> <!-- deleteProduct -->
  <system-out/>
</testsuite> <!-- day19.Demo1 -->
