<?xml version="1.0" encoding="UTF-8"?>
<!-- Generated by org.testng.reporters.JUnitReportReporter -->
<testsuite hostname="DESKTOP-0EJ8PRH" failures="0" tests="2" name="day18.Demo1" time="0.004" errors="0" timestamp="2024-03-15T12:59:35 IST" skipped="0">
  <testcase classname="day18.Demo1" name="test1" time="0.001"/>
  <system-out>
    <![CDATA[test 1]]>
  </system-out>
  <testcase classname="day18.Demo1" name="test1" time="0.003"/>
  <system-out>
    <![CDATA[test 1]]>
  </system-out>
</testsuite> <!-- day18.Demo1 -->
