<?xml version="1.0" encoding="UTF-8"?>
<!-- Generated by org.testng.reporters.JUnitReportReporter -->
<testsuite hostname="DESKTOP-0EJ8PRH" failures="0" tests="6" name="day18.Demo3" time="0.028" errors="0" timestamp="2024-03-15T12:59:35 IST" skipped="0">
  <testcase classname="day18.Demo3" name="test1" time="0.001"/>
  <system-out>
    <![CDATA[Create User:Bhumi pw:B123]]>
  </system-out>
  <testcase classname="day18.Demo3" name="test1" time="0.005"/>
  <system-out>
    <![CDATA[Create User:Chandra pw:C123]]>
  </system-out>
  <testcase classname="day18.Demo3" name="test1" time="0.016"/>
  <system-out>
    <![CDATA[Create User:Akash pw:A123]]>
  </system-out>
  <testcase classname="day18.Demo3" name="test1" time="0.001"/>
  <system-out>
    <![CDATA[Create User:Akash pw:A123]]>
  </system-out>
  <testcase classname="day18.Demo3" name="test1" time="0.002"/>
  <system-out>
    <![CDATA[Create User:Chandra pw:C123]]>
  </system-out>
  <testcase classname="day18.Demo3" name="test1" time="0.003"/>
  <system-out>
    <![CDATA[Create User:Bhumi pw:B123]]>
  </system-out>
</testsuite> <!-- day18.Demo3 -->
