<?xml version="1.0" encoding="UTF-8"?>
<!-- Generated by org.testng.reporters.JUnitReportReporter -->
<testsuite hostname="DESKTOP-0EJ8PRH" failures="0" tests="1" name="day17b.Demo2" time="0.020" errors="0" timestamp="2024-03-14T12:50:13 IST" skipped="0">
  <testcase classname="day17b.Demo2" name="deleteUser" time="0.020"/>
  <system-out>
    <![CDATA[delete user]]>
  </system-out>
</testsuite> <!-- day17b.Demo2 -->
