<?xml version="1.0" encoding="UTF-8"?>
<!-- Generated by org.testng.reporters.JUnitReportReporter -->
<testsuite hostname="DESKTOP-0EJ8PRH" failures="0" tests="1" name="day19.Demo6" time="0.012" errors="0" timestamp="2024-03-18T12:42:01 IST" skipped="0">
  <testcase classname="day19.Demo6" name="testA" time="0.012"/>
  <system-out>
    <![CDATA[Agra-ABCD]]>
  </system-out>
</testsuite> <!-- day19.Demo6 -->
