<?xml version="1.0" encoding="UTF-8"?>
<!-- Generated by org.testng.reporters.JUnitReportReporter -->
<testsuite hostname="DESKTOP-0EJ8PRH" failures="0" tests="3" name="day18.Demo5" time="0.003" errors="0" timestamp="2024-03-15T12:59:35 IST" skipped="0">
  <testcase classname="day18.Demo5" name="test1" time="0.001"/>
  <system-out>
    <![CDATA[Create User:Bhumi B123]]>
  </system-out>
  <testcase classname="day18.Demo5" name="test1" time="0.001"/>
  <system-out>
    <![CDATA[Create User:Chandra C123]]>
  </system-out>
  <testcase classname="day18.Demo5" name="test1" time="0.001"/>
  <system-out>
    <![CDATA[Create User:Akash A123]]>
  </system-out>
</testsuite> <!-- day18.Demo5 -->
